# JRE version: OpenJDK Runtime Environment Temurin-21.0.9+10 (21.0.9+10) (build 21.0.9+10-LTS)
# Java VM: OpenJDK 64-Bit Server VM Temurin-21.0.9+10 (21.0.9+10-LTS, mixed mode, sharing, tiered, compressed oops, compressed class ptrs, parallel gc, windows-amd64)
GC Precious Log:
 CardTable entry size: 512
 CPUs: 8 total, 8 available
 Memory: 8043M
 Large Page Support: Disabled
 NUMA Support: Disabled
 Compressed Oops: Enabled (32-bit)
 Alignments: Space 512K, Generation 512K, Heap 2M
 Heap Min Capacity: 100M
 Heap Initial Capacity: 100M
 Heap Max Capacity: 2G
 Pre-touch: Disabled
 Parallel Workers: 8
Heap:
 PSYoungGen      total 16896K, used 8666K [0x00000000d5580000, 0x00000000d6800000, 0x0000000100000000)
  eden space 15872K, 50% used [0x00000000d5580000,0x00000000d5d49688,0x00000000d6500000)
  from space 1024K, 67% used [0x00000000d6700000,0x00000000d67ad220,0x00000000d6800000)
  to   space 1024K, 0% used [0x00000000d6500000,0x00000000d6500000,0x00000000d6600000)
 ParOldGen       total 103424K, used 103389K [0x0000000080000000, 0x0000000086500000, 0x00000000d5580000)
  object space 103424K, 99% used [0x0000000080000000,0x00000000864f7720,0x0000000086500000)
 Metaspace       used 64908K, committed 66496K, reserved 1114112K
  class space    used 6921K, committed 7552K, reserved 1048576K
GC Heap History (20 events):
Event: 28.206 GC heap before
{Heap before GC invocations=68 (full 3):
 PSYoungGen      total 16384K, used 15872K [0x00000000d5580000, 0x00000000d6c80000, 0x0000000100000000)
  eden space 15872K, 100% used [0x00000000d5580000,0x00000000d6500000,0x00000000d6500000)
  from space 512K, 0% used [0x00000000d6c00000,0x00000000d6c00000,0x00000000d6c80000)
  to   space 2560K, 0% used [0x00000000d6780000,0x00000000d6780000,0x00000000d6a00000)
 ParOldGen       total 71680K, used 70239K [0x0000000080000000, 0x0000000084600000, 0x00000000d5580000)
  object space 71680K, 97% used [0x0000000080000000,0x0000000084497df0,0x0000000084600000)
 Metaspace       used 58799K, committed 60224K, reserved 1114112K
  class space    used 6322K, committed 6912K, reserved 1048576K
}
Event: 28.216 GC heap after
{Heap after GC invocations=68 (full 3):
 PSYoungGen      total 18432K, used 2032K [0x00000000d5580000, 0x00000000d6c80000, 0x0000000100000000)
  eden space 15872K, 0% used [0x00000000d5580000,0x00000000d5580000,0x00000000d6500000)
  from space 2560K, 79% used [0x00000000d6780000,0x00000000d697c010,0x00000000d6a00000)
  to   space 2560K, 0% used [0x00000000d6a00000,0x00000000d6a00000,0x00000000d6c80000)
 ParOldGen       total 71680K, used 70239K [0x0000000080000000, 0x0000000084600000, 0x00000000d5580000)
  object space 71680K, 97% used [0x0000000080000000,0x0000000084497df0,0x0000000084600000)
 Metaspace       used 58799K, committed 60224K, reserved 1114112K
  class space    used 6322K, committed 6912K, reserved 1048576K
}
Event: 28.945 GC heap before
{Heap before GC invocations=69 (full 3):
 PSYoungGen      total 18432K, used 17904K [0x00000000d5580000, 0x00000000d6c80000, 0x0000000100000000)
  eden space 15872K, 100% used [0x00000000d5580000,0x00000000d6500000,0x00000000d6500000)
  from space 2560K, 79% used [0x00000000d6780000,0x00000000d697c010,0x00000000d6a00000)
  to   space 2560K, 0% used [0x00000000d6a00000,0x00000000d6a00000,0x00000000d6c80000)
 ParOldGen       total 71680K, used 70264K [0x0000000080000000, 0x0000000084600000, 0x00000000d5580000)
  object space 71680K, 98% used [0x0000000080000000,0x000000008449e1b0,0x0000000084600000)
 Metaspace       used 60100K, committed 61568K, reserved 1114112K
  class space    used 6448K, committed 7040K, reserved 1048576K
}
Event: 28.949 GC heap after
{Heap after GC invocations=69 (full 3):
 PSYoungGen      total 17408K, used 1378K [0x00000000d5580000, 0x00000000d6b80000, 0x0000000100000000)
  eden space 15872K, 0% used [0x00000000d5580000,0x00000000d5580000,0x00000000d6500000)
  from space 1536K, 89% used [0x00000000d6a00000,0x00000000d6b58af8,0x00000000d6b80000)
  to   space 2048K, 0% used [0x00000000d6780000,0x00000000d6780000,0x00000000d6980000)
 ParOldGen       total 71680K, used 71504K [0x0000000080000000, 0x0000000084600000, 0x00000000d5580000)
  object space 71680K, 99% used [0x0000000080000000,0x00000000845d41c0,0x0000000084600000)
 Metaspace       used 60100K, committed 61568K, reserved 1114112K
  class space    used 6448K, committed 7040K, reserved 1048576K
}
Event: 29.261 GC heap before
{Heap before GC invocations=70 (full 3):
 PSYoungGen      total 17408K, used 17250K [0x00000000d5580000, 0x00000000d6b80000, 0x0000000100000000)
  eden space 15872K, 100% used [0x00000000d5580000,0x00000000d6500000,0x00000000d6500000)
  from space 1536K, 89% used [0x00000000d6a00000,0x00000000d6b58af8,0x00000000d6b80000)
  to   space 2048K, 0% used [0x00000000d6780000,0x00000000d6780000,0x00000000d6980000)
 ParOldGen       total 71680K, used 71504K [0x0000000080000000, 0x0000000084600000, 0x00000000d5580000)
  object space 71680K, 99% used [0x0000000080000000,0x00000000845d41c0,0x0000000084600000)
 Metaspace       used 60672K, committed 62080K, reserved 1114112K
  class space    used 6494K, committed 7104K, reserved 1048576K
}
Event: 29.263 GC heap after
{Heap after GC invocations=70 (full 3):
 PSYoungGen      total 17920K, used 1788K [0x00000000d5580000, 0x00000000d6a80000, 0x0000000100000000)
  eden space 15872K, 0% used [0x00000000d5580000,0x00000000d5580000,0x00000000d6500000)
  from space 2048K, 87% used [0x00000000d6780000,0x00000000d693f3f8,0x00000000d6980000)
  to   space 1024K, 0% used [0x00000000d6980000,0x00000000d6980000,0x00000000d6a80000)
 ParOldGen       total 72704K, used 72647K [0x0000000080000000, 0x0000000084700000, 0x00000000d5580000)
  object space 72704K, 99% used [0x0000000080000000,0x00000000846f1f48,0x0000000084700000)
 Metaspace       used 60672K, committed 62080K, reserved 1114112K
  class space    used 6494K, committed 7104K, reserved 1048576K
}
Event: 29.429 GC heap before
{Heap before GC invocations=71 (full 3):
 PSYoungGen      total 17920K, used 17660K [0x00000000d5580000, 0x00000000d6a80000, 0x0000000100000000)
  eden space 15872K, 100% used [0x00000000d5580000,0x00000000d6500000,0x00000000d6500000)
  from space 2048K, 87% used [0x00000000d6780000,0x00000000d693f3f8,0x00000000d6980000)
  to   space 1024K, 0% used [0x00000000d6980000,0x00000000d6980000,0x00000000d6a80000)
 ParOldGen       total 74752K, used 74524K [0x0000000080000000, 0x0000000084900000, 0x00000000d5580000)
  object space 74752K, 99% used [0x0000000080000000,0x00000000848c7360,0x0000000084900000)
 Metaspace       used 60748K, committed 62208K, reserved 1114112K
  class space    used 6495K, committed 7104K, reserved 1048576K
}
Event: 29.433 GC heap after
{Heap after GC invocations=71 (full 3):
 PSYoungGen      total 16896K, used 1020K [0x00000000d5580000, 0x00000000d6a80000, 0x0000000100000000)
  eden space 15872K, 0% used [0x00000000d5580000,0x00000000d5580000,0x00000000d6500000)
  from space 1024K, 99% used [0x00000000d6980000,0x00000000d6a7f0a8,0x00000000d6a80000)
  to   space 2560K, 0% used [0x00000000d6580000,0x00000000d6580000,0x00000000d6800000)
 ParOldGen       total 75776K, used 75708K [0x0000000080000000, 0x0000000084a00000, 0x00000000d5580000)
  object space 75776K, 99% used [0x0000000080000000,0x00000000849ef050,0x0000000084a00000)
 Metaspace       used 60748K, committed 62208K, reserved 1114112K
  class space    used 6495K, committed 7104K, reserved 1048576K
}
Event: 29.518 GC heap before
{Heap before GC invocations=72 (full 3):
 PSYoungGen      total 16896K, used 16892K [0x00000000d5580000, 0x00000000d6a80000, 0x0000000100000000)
  eden space 15872K, 100% used [0x00000000d5580000,0x00000000d6500000,0x00000000d6500000)
  from space 1024K, 99% used [0x00000000d6980000,0x00000000d6a7f0a8,0x00000000d6a80000)
  to   space 2560K, 0% used [0x00000000d6580000,0x00000000d6580000,0x00000000d6800000)
 ParOldGen       total 75776K, used 75711K [0x0000000080000000, 0x0000000084a00000, 0x00000000d5580000)
  object space 75776K, 99% used [0x0000000080000000,0x00000000849efc60,0x0000000084a00000)
 Metaspace       used 60768K, committed 62208K, reserved 1114112K
  class space    used 6496K, committed 7104K, reserved 1048576K
}
Event: 29.521 GC heap after
{Heap after GC invocations=72 (full 3):
 PSYoungGen      total 18432K, used 1153K [0x00000000d5580000, 0x00000000d6a00000, 0x0000000100000000)
  eden space 15872K, 0% used [0x00000000d5580000,0x00000000d5580000,0x00000000d6500000)
  from space 2560K, 45% used [0x00000000d6580000,0x00000000d66a05e8,0x00000000d6800000)
  to   space 2048K, 0% used [0x00000000d6800000,0x00000000d6800000,0x00000000d6a00000)
 ParOldGen       total 76800K, used 76679K [0x0000000080000000, 0x0000000084b00000, 0x00000000d5580000)
  object space 76800K, 99% used [0x0000000080000000,0x0000000084ae1d18,0x0000000084b00000)
 Metaspace       used 60768K, committed 62208K, reserved 1114112K
  class space    used 6496K, committed 7104K, reserved 1048576K
}
Event: 29.871 GC heap before
{Heap before GC invocations=73 (full 3):
 PSYoungGen      total 18432K, used 17025K [0x00000000d5580000, 0x00000000d6a00000, 0x0000000100000000)
  eden space 15872K, 100% used [0x00000000d5580000,0x00000000d6500000,0x00000000d6500000)
  from space 2560K, 45% used [0x00000000d6580000,0x00000000d66a05e8,0x00000000d6800000)
  to   space 2048K, 0% used [0x00000000d6800000,0x00000000d6800000,0x00000000d6a00000)
 ParOldGen       total 76800K, used 76679K [0x0000000080000000, 0x0000000084b00000, 0x00000000d5580000)
  object space 76800K, 99% used [0x0000000080000000,0x0000000084ae1d18,0x0000000084b00000)
 Metaspace       used 62353K, committed 63808K, reserved 1114112K
  class space    used 6645K, committed 7232K, reserved 1048576K
}
Event: 29.873 GC heap after
{Heap after GC invocations=73 (full 3):
 PSYoungGen      total 16896K, used 822K [0x00000000d5580000, 0x00000000d6900000, 0x0000000100000000)
  eden space 15872K, 0% used [0x00000000d5580000,0x00000000d5580000,0x00000000d6500000)
  from space 1024K, 80% used [0x00000000d6800000,0x00000000d68cd808,0x00000000d6900000)
  to   space 1024K, 0% used [0x00000000d6700000,0x00000000d6700000,0x00000000d6800000)
 ParOldGen       total 77312K, used 77138K [0x0000000080000000, 0x0000000084b80000, 0x00000000d5580000)
  object space 77312K, 99% used [0x0000000080000000,0x0000000084b548d8,0x0000000084b80000)
 Metaspace       used 62353K, committed 63808K, reserved 1114112K
  class space    used 6645K, committed 7232K, reserved 1048576K
}
Event: 30.463 GC heap before
{Heap before GC invocations=74 (full 3):
 PSYoungGen      total 16896K, used 16690K [0x00000000d5580000, 0x00000000d6900000, 0x0000000100000000)
  eden space 15872K, 99% used [0x00000000d5580000,0x00000000d64ff090,0x00000000d6500000)
  from space 1024K, 80% used [0x00000000d6800000,0x00000000d68cd808,0x00000000d6900000)
  to   space 1024K, 0% used [0x00000000d6700000,0x00000000d6700000,0x00000000d6800000)
 ParOldGen       total 77312K, used 77138K [0x0000000080000000, 0x0000000084b80000, 0x00000000d5580000)
  object space 77312K, 99% used [0x0000000080000000,0x0000000084b548d8,0x0000000084b80000)
 Metaspace       used 63474K, committed 64960K, reserved 1114112K
  class space    used 6750K, committed 7360K, reserved 1048576K
}
Event: 30.466 GC heap after
{Heap after GC invocations=74 (full 3):
 PSYoungGen      total 16896K, used 656K [0x00000000d5580000, 0x00000000d6880000, 0x0000000100000000)
  eden space 15872K, 0% used [0x00000000d5580000,0x00000000d5580000,0x00000000d6500000)
  from space 1024K, 64% used [0x00000000d6700000,0x00000000d67a4050,0x00000000d6800000)
  to   space 512K, 0% used [0x00000000d6800000,0x00000000d6800000,0x00000000d6880000)
 ParOldGen       total 77824K, used 77745K [0x0000000080000000, 0x0000000084c00000, 0x00000000d5580000)
  object space 77824K, 99% used [0x0000000080000000,0x0000000084bec6a0,0x0000000084c00000)
 Metaspace       used 63474K, committed 64960K, reserved 1114112K
  class space    used 6750K, committed 7360K, reserved 1048576K
}
Event: 30.870 GC heap before
{Heap before GC invocations=75 (full 3):
 PSYoungGen      total 16896K, used 16528K [0x00000000d5580000, 0x00000000d6880000, 0x0000000100000000)
  eden space 15872K, 100% used [0x00000000d5580000,0x00000000d6500000,0x00000000d6500000)
  from space 1024K, 64% used [0x00000000d6700000,0x00000000d67a4050,0x00000000d6800000)
  to   space 512K, 0% used [0x00000000d6800000,0x00000000d6800000,0x00000000d6880000)
 ParOldGen       total 77824K, used 77745K [0x0000000080000000, 0x0000000084c00000, 0x00000000d5580000)
  object space 77824K, 99% used [0x0000000080000000,0x0000000084bec6a0,0x0000000084c00000)
 Metaspace       used 63975K, committed 65472K, reserved 1114112K
  class space    used 6828K, committed 7424K, reserved 1048576K
}
Event: 30.873 GC heap after
{Heap after GC invocations=75 (full 3):
 PSYoungGen      total 16384K, used 512K [0x00000000d5580000, 0x00000000d6a00000, 0x0000000100000000)
  eden space 15872K, 0% used [0x00000000d5580000,0x00000000d5580000,0x00000000d6500000)
  from space 512K, 100% used [0x00000000d6800000,0x00000000d6880000,0x00000000d6880000)
  to   space 2560K, 0% used [0x00000000d6500000,0x00000000d6500000,0x00000000d6780000)
 ParOldGen       total 79872K, used 79365K [0x0000000080000000, 0x0000000084e00000, 0x00000000d5580000)
  object space 79872K, 99% used [0x0000000080000000,0x0000000084d81710,0x0000000084e00000)
 Metaspace       used 63975K, committed 65472K, reserved 1114112K
  class space    used 6828K, committed 7424K, reserved 1048576K
}
Event: 31.134 GC heap before
{Heap before GC invocations=76 (full 3):
 PSYoungGen      total 16384K, used 10200K [0x00000000d5580000, 0x00000000d6a00000, 0x0000000100000000)
  eden space 15872K, 61% used [0x00000000d5580000,0x00000000d5ef6068,0x00000000d6500000)
  from space 512K, 100% used [0x00000000d6800000,0x00000000d6880000,0x00000000d6880000)
  to   space 2560K, 0% used [0x00000000d6500000,0x00000000d6500000,0x00000000d6780000)
 ParOldGen       total 79872K, used 79365K [0x0000000080000000, 0x0000000084e00000, 0x00000000d5580000)
  object space 79872K, 99% used [0x0000000080000000,0x0000000084d81710,0x0000000084e00000)
 Metaspace       used 64595K, committed 66112K, reserved 1114112K
  class space    used 6897K, committed 7552K, reserved 1048576K
}
Event: 31.136 GC heap after
{Heap after GC invocations=76 (full 3):
 PSYoungGen      total 16896K, used 725K [0x00000000d5580000, 0x00000000d6880000, 0x0000000100000000)
  eden space 15872K, 0% used [0x00000000d5580000,0x00000000d5580000,0x00000000d6500000)
  from space 1024K, 70% used [0x00000000d6500000,0x00000000d65b5430,0x00000000d6600000)
  to   space 1536K, 0% used [0x00000000d6700000,0x00000000d6700000,0x00000000d6880000)
 ParOldGen       total 79872K, used 79821K [0x0000000080000000, 0x0000000084e00000, 0x00000000d5580000)
  object space 79872K, 99% used [0x0000000080000000,0x0000000084df3710,0x0000000084e00000)
 Metaspace       used 64595K, committed 66112K, reserved 1114112K
  class space    used 6897K, committed 7552K, reserved 1048576K
}
Event: 32.740 GC heap before
{Heap before GC invocations=77 (full 3):
 PSYoungGen      total 16896K, used 16597K [0x00000000d5580000, 0x00000000d6880000, 0x0000000100000000)
  eden space 15872K, 100% used [0x00000000d5580000,0x00000000d6500000,0x00000000d6500000)
  from space 1024K, 70% used [0x00000000d6500000,0x00000000d65b5430,0x00000000d6600000)
  to   space 1536K, 0% used [0x00000000d6700000,0x00000000d6700000,0x00000000d6880000)
 ParOldGen       total 103424K, used 102861K [0x0000000080000000, 0x0000000086500000, 0x00000000d5580000)
  object space 103424K, 99% used [0x0000000080000000,0x0000000086473730,0x0000000086500000)
 Metaspace       used 64853K, committed 66432K, reserved 1114112K
  class space    used 6921K, committed 7552K, reserved 1048576K
}
Event: 32.742 GC heap after
{Heap after GC invocations=77 (full 3):
 PSYoungGen      total 16896K, used 692K [0x00000000d5580000, 0x00000000d6800000, 0x0000000100000000)
  eden space 15872K, 0% used [0x00000000d5580000,0x00000000d5580000,0x00000000d6500000)
  from space 1024K, 67% used [0x00000000d6700000,0x00000000d67ad220,0x00000000d6800000)
  to   space 1024K, 0% used [0x00000000d6500000,0x00000000d6500000,0x00000000d6600000)
 ParOldGen       total 103424K, used 103389K [0x0000000080000000, 0x0000000086500000, 0x00000000d5580000)
  object space 103424K, 99% used [0x0000000080000000,0x00000000864f7720,0x0000000086500000)
 Metaspace       used 64853K, committed 66432K, reserved 1114112K
  class space    used 6921K, committed 7552K, reserved 1048576K
}

